TN:
SF:src\app.controller.ts
FN:6,(anonymous_2)
FN:9,(anonymous_3)
FNF:2
FNH:2
FNDA:1,(anonymous_2)
FNDA:1,(anonymous_3)
DA:1,1
DA:2,1
DA:5,1
DA:6,1
DA:9,1
DA:10,1
LF:6
LH:6
BRDA:6,0,0,1
BRDA:6,0,1,0
BRDA:6,1,0,1
BRDA:6,1,1,1
BRF:4
BRH:3
end_of_record
TN:
SF:src\app.module.ts
FN:30,(anonymous_1)
FNF:1
FNH:0
FNDA:0,(anonymous_1)
DA:1,0
DA:2,0
DA:3,0
DA:4,0
DA:5,0
DA:6,0
DA:7,0
DA:8,0
DA:9,0
DA:10,0
DA:11,0
DA:12,0
DA:13,0
DA:14,0
DA:15,0
DA:16,0
DA:17,0
DA:30,0
DA:55,0
LF:19
LH:0
BRF:0
BRH:0
end_of_record
TN:
SF:src\app.service.ts
FN:5,(anonymous_1)
FNF:1
FNH:1
FNDA:1,(anonymous_1)
DA:1,1
DA:4,1
DA:6,1
LF:3
LH:3
BRF:0
BRH:0
end_of_record
TN:
SF:src\main.ts
FN:7,bootstrap
FNF:1
FNH:0
FNDA:0,bootstrap
DA:1,0
DA:2,0
DA:3,0
DA:4,0
DA:5,0
DA:8,0
DA:11,0
DA:14,0
DA:20,0
DA:23,0
DA:26,0
DA:33,0
DA:61,0
DA:62,0
DA:64,0
DA:65,0
DA:67,0
DA:68,0
DA:70,0
LF:19
LH:0
BRDA:64,0,0,0
BRDA:64,0,1,0
BRF:2
BRH:0
end_of_record
TN:
SF:src\audit\audit.controller.ts
FN:13,(anonymous_4)
FN:24,(anonymous_5)
FN:41,(anonymous_6)
FN:53,(anonymous_7)
FN:65,(anonymous_8)
FN:82,(anonymous_9)
FN:99,(anonymous_10)
FN:111,(anonymous_11)
FN:123,(anonymous_12)
FNF:9
FNH:0
FNDA:0,(anonymous_4)
FNDA:0,(anonymous_5)
FNDA:0,(anonymous_6)
FNDA:0,(anonymous_7)
FNDA:0,(anonymous_8)
FNDA:0,(anonymous_9)
FNDA:0,(anonymous_10)
FNDA:0,(anonymous_11)
FNDA:0,(anonymous_12)
DA:1,0
DA:2,0
DA:3,0
DA:4,0
DA:5,0
DA:6,0
DA:12,0
DA:13,0
DA:24,0
DA:29,0
DA:34,0
DA:41,0
DA:45,0
DA:46,0
DA:53,0
DA:57,0
DA:58,0
DA:65,0
DA:66,0
DA:67,0
DA:82,0
DA:87,0
DA:92,0
DA:99,0
DA:103,0
DA:104,0
DA:111,0
DA:115,0
DA:116,0
DA:123,0
DA:124,0
DA:125,0
LF:32
LH:0
BRDA:30,0,0,0
BRDA:30,0,1,0
BRDA:31,1,0,0
BRDA:31,1,1,0
BRDA:32,2,0,0
BRDA:32,2,1,0
BRDA:45,3,0,0
BRDA:45,3,1,0
BRDA:57,4,0,0
BRDA:57,4,1,0
BRDA:69,5,0,0
BRDA:69,5,1,0
BRDA:88,6,0,0
BRDA:88,6,1,0
BRDA:89,7,0,0
BRDA:89,7,1,0
BRDA:90,8,0,0
BRDA:90,8,1,0
BRDA:103,9,0,0
BRDA:103,9,1,0
BRDA:115,10,0,0
BRDA:115,10,1,0
BRDA:127,11,0,0
BRDA:127,11,1,0
BRDA:13,12,0,0
BRDA:13,12,1,0
BRDA:13,13,0,0
BRDA:13,13,1,0
BRF:28
BRH:0
end_of_record
TN:
SF:src\audit\audit.module.ts
FN:15,(anonymous_1)
FNF:1
FNH:0
FNDA:0,(anonymous_1)
DA:1,0
DA:2,0
DA:3,0
DA:4,0
DA:5,0
DA:6,0
DA:7,0
DA:15,0
DA:21,0
LF:9
LH:0
BRF:0
BRH:0
end_of_record
TN:
SF:src\audit\audit.service.ts
FN:22,(anonymous_4)
FN:29,(anonymous_5)
FN:55,(anonymous_6)
FN:63,(anonymous_7)
FN:71,(anonymous_8)
FN:91,(anonymous_9)
FN:96,(anonymous_10)
FN:105,(anonymous_11)
FN:127,(anonymous_12)
FN:135,(anonymous_13)
FN:143,(anonymous_14)
FN:163,(anonymous_15)
FN:171,(anonymous_16)
FN:176,(anonymous_17)
FNF:14
FNH:0
FNDA:0,(anonymous_4)
FNDA:0,(anonymous_5)
FNDA:0,(anonymous_6)
FNDA:0,(anonymous_7)
FNDA:0,(anonymous_8)
FNDA:0,(anonymous_9)
FNDA:0,(anonymous_10)
FNDA:0,(anonymous_11)
FNDA:0,(anonymous_12)
FNDA:0,(anonymous_13)
FNDA:0,(anonymous_14)
FNDA:0,(anonymous_15)
FNDA:0,(anonymous_16)
FNDA:0,(anonymous_17)
DA:1,3
DA:2,3
DA:3,3
DA:4,3
DA:5,3
DA:21,3
DA:23,0
DA:24,0
DA:37,0
DA:52,0
DA:56,0
DA:64,0
DA:76,0
DA:78,0
DA:79,0
DA:80,0
DA:81,0
DA:84,0
DA:92,0
DA:93,0
DA:97,0
DA:100,0
DA:114,0
DA:124,0
DA:128,0
DA:136,0
DA:148,0
DA:150,0
DA:151,0
DA:152,0
DA:153,0
DA:156,0
DA:164,0
DA:172,0
DA:173,0
DA:177,0
DA:180,0
LF:37
LH:6
BRDA:55,0,0,0
BRDA:63,1,0,0
BRDA:72,2,0,0
BRDA:78,3,0,0
BRDA:78,3,1,0
BRDA:78,4,0,0
BRDA:78,4,1,0
BRDA:80,5,0,0
BRDA:80,5,1,0
BRDA:81,6,0,0
BRDA:81,6,1,0
BRDA:115,7,0,0
BRDA:115,7,1,0
BRDA:127,8,0,0
BRDA:135,9,0,0
BRDA:144,10,0,0
BRDA:150,11,0,0
BRDA:150,11,1,0
BRDA:150,12,0,0
BRDA:150,12,1,0
BRDA:152,13,0,0
BRDA:152,13,1,0
BRDA:153,14,0,0
BRDA:153,14,1,0
BRDA:23,15,0,3
BRDA:23,15,1,0
BRDA:23,16,0,3
BRDA:23,16,1,3
BRDA:23,17,0,3
BRDA:23,17,1,0
BRDA:23,18,0,3
BRDA:23,18,1,3
BRF:32
BRH:6
end_of_record
TN:
SF:src\audit\schemas\login-audit.schema.ts
FN:7,(anonymous_2)
FNF:1
FNH:1
FNDA:3,(anonymous_2)
DA:1,3
DA:2,3
DA:3,3
DA:7,3
DA:8,3
DA:9,3
DA:10,3
DA:11,3
DA:12,3
DA:16,3
DA:19,3
DA:23,3
DA:27,3
DA:31,3
DA:35,3
DA:39,3
DA:43,3
DA:46,3
DA:49,3
DA:50,3
DA:51,3
DA:52,3
LF:22
LH:22
BRDA:7,0,0,3
BRDA:7,0,1,3
BRDA:19,1,0,3
BRDA:19,1,1,0
BRDA:19,2,0,3
BRDA:19,2,1,3
BRF:6
BRH:5
end_of_record
TN:
SF:src\audit\schemas\permission-audit.schema.ts
FN:7,(anonymous_2)
FNF:1
FNH:1
FNDA:3,(anonymous_2)
DA:1,3
DA:3,3
DA:7,3
DA:8,3
DA:9,3
DA:10,3
DA:11,3
DA:12,3
DA:13,3
DA:14,3
DA:15,3
DA:19,3
DA:22,3
DA:29,3
DA:36,3
DA:40,3
DA:50,3
DA:54,3
DA:57,3
DA:60,3
DA:61,3
DA:62,3
DA:63,3
LF:23
LH:23
BRDA:7,0,0,3
BRDA:7,0,1,3
BRF:2
BRH:2
end_of_record
TN:
SF:src\auth\auth.controller.ts
FN:12,(anonymous_4)
FN:22,(anonymous_5)
FN:36,(anonymous_6)
FNF:3
FNH:3
FNDA:3,(anonymous_4)
FNDA:1,(anonymous_5)
FNDA:1,(anonymous_6)
DA:1,1
DA:2,1
DA:3,1
DA:4,1
DA:5,1
DA:6,1
DA:7,1
DA:11,1
DA:13,3
DA:14,3
DA:22,1
DA:27,1
DA:36,1
DA:37,1
DA:38,1
DA:39,1
DA:41,1
LF:17
LH:17
BRDA:46,0,0,1
BRDA:46,0,1,0
BRDA:24,1,0,1
BRDA:24,1,1,0
BRDA:24,2,0,1
BRDA:24,2,1,1
BRDA:13,3,0,1
BRDA:13,3,1,0
BRDA:13,4,0,1
BRDA:13,4,1,1
BRDA:13,5,0,1
BRDA:13,5,1,0
BRDA:13,6,0,1
BRDA:13,6,1,1
BRF:14
BRH:10
end_of_record
TN:
SF:src\auth\auth.module.ts
FN:14,(anonymous_1)
FN:19,(anonymous_2)
FNF:2
FNH:0
FNDA:0,(anonymous_1)
FNDA:0,(anonymous_2)
DA:1,0
DA:2,0
DA:3,0
DA:4,0
DA:5,0
DA:6,0
DA:7,0
DA:8,0
DA:9,0
DA:10,0
DA:14,0
DA:19,0
DA:32,0
LF:13
LH:0
BRF:0
BRH:0
end_of_record
TN:
SF:src\auth\auth.service.ts
FN:11,(anonymous_2)
FN:17,(anonymous_3)
FN:29,(anonymous_4)
FN:68,(anonymous_5)
FN:80,(anonymous_6)
FNF:5
FNH:5
FNDA:7,(anonymous_2)
FNDA:3,(anonymous_3)
FNDA:1,(anonymous_4)
FNDA:1,(anonymous_5)
FNDA:1,(anonymous_6)
DA:1,2
DA:2,2
DA:3,2
DA:6,2
DA:7,2
DA:10,2
DA:12,7
DA:13,7
DA:14,7
DA:18,3
DA:20,3
DA:22,1
DA:23,1
DA:26,2
DA:30,1
DA:36,1
DA:39,1
DA:49,1
DA:50,1
DA:52,1
DA:69,1
DA:81,1
DA:83,1
DA:89,1
DA:92,1
DA:103,1
DA:104,1
DA:106,1
LF:28
LH:28
BRDA:20,0,0,1
BRDA:20,0,1,2
BRDA:20,1,0,3
BRDA:20,1,1,2
BRDA:57,2,0,1
BRDA:57,2,1,0
BRDA:111,3,0,1
BRDA:111,3,1,0
BRDA:12,4,0,2
BRDA:12,4,1,0
BRDA:12,5,0,2
BRDA:12,5,1,2
BRDA:12,6,0,2
BRDA:12,6,1,0
BRDA:12,7,0,2
BRDA:12,7,1,2
BRDA:13,8,0,2
BRDA:13,8,1,0
BRDA:13,9,0,2
BRDA:13,9,1,2
BRF:20
BRH:15
end_of_record
TN:
SF:src\auth\dto\login.dto.ts
FNF:0
FNH:0
DA:1,1
DA:2,1
DA:4,1
DA:11,1
DA:19,1
LF:5
LH:5
BRF:0
BRH:0
end_of_record
TN:
SF:src\auth\guards\jwt-auth.guard.ts
FNF:0
FNH:0
DA:1,8
DA:2,8
DA:5,8
LF:3
LH:3
BRF:0
BRH:0
end_of_record
TN:
SF:src\auth\guards\local-auth.guard.ts
FNF:0
FNH:0
DA:1,1
DA:2,1
DA:5,1
LF:3
LH:3
BRF:0
BRH:0
end_of_record
TN:
SF:src\auth\strategies\jwt.strategy.ts
FN:13,(anonymous_2)
FN:21,(anonymous_3)
FNF:2
FNH:0
FNDA:0,(anonymous_2)
FNDA:0,(anonymous_3)
DA:1,0
DA:2,0
DA:3,0
DA:4,0
DA:12,0
DA:14,0
DA:22,0
LF:7
LH:0
BRDA:13,0,0,0
BRDA:13,0,1,0
BRDA:13,1,0,0
BRDA:13,1,1,0
BRF:4
BRH:0
end_of_record
TN:
SF:src\auth\strategies\local.strategy.ts
FN:8,(anonymous_2)
FN:15,(anonymous_3)
FNF:2
FNH:0
FNDA:0,(anonymous_2)
FNDA:0,(anonymous_3)
DA:1,0
DA:2,0
DA:3,0
DA:4,0
DA:7,0
DA:8,0
DA:9,0
DA:16,0
DA:17,0
DA:18,0
DA:20,0
LF:11
LH:0
BRDA:17,0,0,0
BRDA:17,0,1,0
BRDA:8,1,0,0
BRDA:8,1,1,0
BRDA:8,2,0,0
BRDA:8,2,1,0
BRF:6
BRH:0
end_of_record
TN:
SF:src\common\common.module.ts
FN:8,(anonymous_1)
FNF:1
FNH:0
FNDA:0,(anonymous_1)
DA:1,0
DA:3,0
DA:4,0
DA:8,0
DA:19,0
LF:5
LH:0
BRF:0
BRH:0
end_of_record
TN:
SF:src\common\decorators\permissions.decorator.ts
FN:10,(anonymous_0)
FN:20,(anonymous_1)
FNF:2
FNH:1
FNDA:47,(anonymous_0)
FNDA:0,(anonymous_1)
DA:1,7
DA:3,7
DA:10,7
DA:11,47
DA:13,7
DA:20,7
DA:21,0
LF:7
LH:6
BRF:0
BRH:0
end_of_record
TN:
SF:src\common\guards\permissions.guard.ts
FN:8,(anonymous_2)
FN:13,(anonymous_3)
FN:43,(anonymous_4)
FN:56,(anonymous_5)
FNF:4
FNH:0
FNDA:0,(anonymous_2)
FNDA:0,(anonymous_3)
FNDA:0,(anonymous_4)
FNDA:0,(anonymous_5)
DA:1,7
DA:2,7
DA:3,7
DA:4,7
DA:7,7
DA:9,0
DA:10,0
DA:15,0
DA:20,0
DA:26,0
DA:27,0
DA:30,0
DA:31,0
DA:33,0
DA:34,0
DA:38,0
DA:41,0
DA:42,0
DA:43,0
DA:46,0
DA:47,0
DA:54,0
DA:55,0
DA:56,0
DA:59,0
DA:60,0
DA:66,0
LF:27
LH:5
BRDA:26,0,0,0
BRDA:26,0,1,0
BRDA:26,1,0,0
BRDA:26,1,1,0
BRDA:33,2,0,0
BRDA:33,2,1,0
BRDA:33,3,0,0
BRDA:33,3,1,0
BRDA:41,4,0,0
BRDA:41,4,1,0
BRDA:46,5,0,0
BRDA:46,5,1,0
BRDA:54,6,0,0
BRDA:54,6,1,0
BRDA:59,7,0,0
BRDA:59,7,1,0
BRDA:9,8,0,7
BRDA:9,8,1,0
BRDA:9,9,0,7
BRDA:9,9,1,7
BRDA:9,10,0,7
BRDA:9,10,1,0
BRDA:9,11,0,7
BRDA:9,11,1,7
BRF:24
BRH:6
end_of_record
TN:
SF:src\common\interceptors\logging.interceptor.ts
FN:16,(anonymous_1)
FN:26,(anonymous_2)
FN:36,(anonymous_3)
FNF:3
FNH:0
FNDA:0,(anonymous_1)
FNDA:0,(anonymous_2)
FNDA:0,(anonymous_3)
DA:1,0
DA:9,0
DA:13,0
DA:14,0
DA:17,0
DA:18,0
DA:19,0
DA:21,0
DA:22,0
DA:24,0
DA:27,0
DA:28,0
DA:37,0
DA:38,0
LF:14
LH:0
BRDA:39,0,0,0
BRDA:39,0,1,0
BRF:2
BRH:0
end_of_record
TN:
SF:src\permissions\permissions.controller.ts
FN:14,(anonymous_4)
FN:21,(anonymous_5)
FN:33,(anonymous_6)
FN:42,(anonymous_7)
FN:51,(anonymous_8)
FN:61,(anonymous_9)
FNF:6
FNH:6
FNDA:6,(anonymous_4)
FNDA:1,(anonymous_5)
FNDA:1,(anonymous_6)
FNDA:1,(anonymous_7)
FNDA:1,(anonymous_8)
FNDA:1,(anonymous_9)
DA:1,1
DA:2,1
DA:3,1
DA:4,1
DA:5,1
DA:6,1
DA:7,1
DA:13,1
DA:14,6
DA:21,1
DA:22,1
DA:23,1
DA:33,1
DA:34,1
DA:35,1
DA:42,1
DA:43,1
DA:44,1
DA:51,1
DA:52,1
DA:53,1
DA:61,1
DA:62,1
DA:63,1
LF:24
LH:24
BRDA:21,0,0,1
BRDA:21,0,1,0
BRDA:21,1,0,1
BRDA:21,1,1,1
BRDA:14,2,0,1
BRDA:14,2,1,0
BRDA:14,3,0,1
BRDA:14,3,1,1
BRF:8
BRH:6
end_of_record
TN:
SF:src\permissions\permissions.module.ts
FN:11,(anonymous_1)
FNF:1
FNH:0
FNDA:0,(anonymous_1)
DA:1,0
DA:2,0
DA:3,0
DA:4,0
DA:5,0
DA:6,0
DA:11,0
DA:17,0
LF:8
LH:0
BRF:0
BRH:0
end_of_record
TN:
SF:src\permissions\permissions.service.ts
FN:9,(anonymous_4)
FN:13,(anonymous_5)
FN:32,(anonymous_6)
FN:36,(anonymous_7)
FN:40,(anonymous_8)
FN:44,(anonymous_9)
FN:48,(anonymous_10)
FN:50,(anonymous_11)
FN:59,(anonymous_12)
FN:71,(anonymous_13)
FNF:10
FNH:9
FNDA:10,(anonymous_4)
FNDA:3,(anonymous_5)
FNDA:2,(anonymous_6)
FNDA:1,(anonymous_7)
FNDA:1,(anonymous_8)
FNDA:1,(anonymous_9)
FNDA:1,(anonymous_10)
FNDA:3,(anonymous_11)
FNDA:3,(anonymous_12)
FNDA:0,(anonymous_13)
DA:1,12
DA:2,12
DA:3,12
DA:4,12
DA:8,12
DA:10,10
DA:14,3
DA:15,3
DA:17,3
DA:18,3
DA:19,2
DA:22,1
DA:29,1
DA:33,2
DA:37,1
DA:41,1
DA:45,1
DA:49,1
DA:50,1
DA:51,3
DA:52,2
DA:54,3
DA:55,3
DA:60,3
DA:65,3
DA:66,2
DA:72,0
DA:124,0
DA:125,0
DA:126,0
DA:127,0
DA:128,0
LF:32
LH:26
BRDA:18,0,0,2
BRDA:18,0,1,1
BRDA:51,1,0,2
BRDA:51,1,1,1
BRDA:65,2,0,2
BRDA:65,2,1,1
BRDA:127,3,0,0
BRDA:127,3,1,0
BRDA:10,4,0,12
BRDA:10,4,1,0
BRDA:10,5,0,12
BRDA:10,5,1,12
BRF:12
BRH:9
end_of_record
TN:
SF:src\permissions\dto\create-permission.dto.ts
FNF:0
FNH:0
DA:1,1
DA:2,1
DA:4,1
DA:9,1
DA:15,1
DA:20,1
LF:6
LH:6
BRF:0
BRH:0
end_of_record
TN:
SF:src\permissions\schemas\permission.schema.ts
FNF:0
FNH:0
DA:1,12
DA:3,12
DA:8,12
DA:11,12
DA:15,12
DA:19,12
DA:23,12
DA:27,12
DA:30,12
DA:33,12
LF:10
LH:10
BRF:0
BRH:0
end_of_record
TN:
SF:src\product-categories\product-categories.controller.ts
FN:15,(anonymous_4)
FN:25,(anonymous_5)
FN:39,(anonymous_6)
FN:61,(anonymous_7)
FN:75,(anonymous_8)
FN:91,(anonymous_9)
FN:104,(anonymous_10)
FN:117,(anonymous_11)
FNF:8
FNH:8
FNDA:11,(anonymous_4)
FNDA:1,(anonymous_5)
FNDA:3,(anonymous_6)
FNDA:2,(anonymous_7)
FNDA:1,(anonymous_8)
FNDA:1,(anonymous_9)
FNDA:1,(anonymous_10)
FNDA:1,(anonymous_11)
DA:1,1
DA:2,1
DA:3,1
DA:4,1
DA:5,1
DA:6,1
DA:7,1
DA:8,1
DA:14,1
DA:16,11
DA:25,1
DA:26,1
DA:27,1
DA:39,1
DA:45,3
DA:46,1
DA:47,2
DA:48,1
DA:50,1
DA:53,3
DA:61,1
DA:62,2
DA:63,2
DA:64,1
DA:66,1
DA:75,1
DA:79,1
DA:80,1
DA:91,1
DA:92,1
DA:93,1
DA:104,1
DA:105,1
DA:106,1
DA:117,1
DA:118,1
DA:119,1
LF:37
LH:37
BRDA:45,0,0,1
BRDA:45,0,1,2
BRDA:47,1,0,1
BRDA:47,1,1,1
BRDA:63,2,0,1
BRDA:63,2,1,1
BRDA:25,3,0,1
BRDA:25,3,1,0
BRDA:25,4,0,1
BRDA:25,4,1,1
BRDA:77,5,0,1
BRDA:77,5,1,0
BRDA:77,6,0,1
BRDA:77,6,1,1
BRDA:16,7,0,1
BRDA:16,7,1,0
BRDA:16,8,0,1
BRDA:16,8,1,1
BRF:18
BRH:15
end_of_record
TN:
SF:src\product-categories\product-categories.module.ts
FNF:0
FNH:0
DA:1,0
DA:2,0
DA:3,0
DA:4,0
DA:5,0
DA:17,0
LF:6
LH:0
BRF:0
BRH:0
end_of_record
TN:
SF:src\product-categories\product-categories.service.ts
FN:10,(anonymous_4)
FN:15,(anonymous_5)
FN:31,(anonymous_6)
FN:39,(anonymous_7)
FN:47,(anonymous_8)
FN:54,(anonymous_9)
FN:58,(anonymous_10)
FN:79,(anonymous_11)
FN:87,(anonymous_12)
FN:99,(anonymous_13)
FN:111,(anonymous_14)
FNF:11
FNH:9
FNDA:13,(anonymous_4)
FNDA:3,(anonymous_5)
FNDA:1,(anonymous_6)
FNDA:0,(anonymous_7)
FNDA:0,(anonymous_8)
FNDA:2,(anonymous_9)
FNDA:2,(anonymous_10)
FNDA:1,(anonymous_11)
FNDA:2,(anonymous_12)
FNDA:1,(anonymous_13)
FNDA:2,(anonymous_14)
DA:1,2
DA:2,2
DA:3,2
DA:4,2
DA:9,2
DA:12,13
DA:17,3
DA:22,3
DA:23,2
DA:26,1
DA:27,1
DA:32,1
DA:40,0
DA:48,0
DA:55,2
DA:59,2
DA:61,2
DA:62,1
DA:66,1
DA:67,1
DA:73,1
DA:74,0
DA:78,1
DA:79,1
DA:82,1
DA:83,1
DA:88,2
DA:90,2
DA:91,1
DA:94,1
DA:95,1
DA:100,1
DA:102,1
DA:103,0
DA:106,1
DA:107,1
DA:112,2
DA:114,2
DA:115,1
LF:39
LH:35
BRDA:22,0,0,2
BRDA:22,0,1,1
BRDA:61,1,0,1
BRDA:61,1,1,1
BRDA:66,2,0,1
BRDA:66,2,1,0
BRDA:66,3,0,1
BRDA:66,3,1,1
BRDA:73,4,0,0
BRDA:73,4,1,1
BRDA:79,5,0,1
BRDA:79,5,1,1
BRDA:90,6,0,1
BRDA:90,6,1,1
BRDA:102,7,0,0
BRDA:102,7,1,1
BRDA:114,8,0,1
BRDA:114,8,1,1
BRDA:12,9,0,2
BRDA:12,9,1,0
BRDA:12,10,0,2
BRDA:12,10,1,2
BRF:22
BRH:18
end_of_record
TN:
SF:src\product-categories\dto\create-product-category.dto.ts
FNF:0
FNH:0
DA:1,1
DA:2,1
DA:4,1
DA:8,1
DA:16,1
DA:24,1
DA:32,1
DA:40,1
DA:48,1
DA:56,1
LF:10
LH:10
BRF:0
BRH:0
end_of_record
TN:
SF:src\product-categories\dto\update-product-category.dto.ts
FNF:0
FNH:0
DA:1,1
DA:2,1
DA:4,1
DA:8,1
DA:16,1
DA:24,1
DA:32,1
DA:40,1
DA:48,1
DA:56,1
LF:10
LH:10
BRF:0
BRH:0
end_of_record
TN:
SF:src\product-categories\schemas\product-category.schema.ts
FNF:0
FNH:0
DA:1,2
DA:3,2
DA:8,2
DA:11,2
DA:15,2
DA:22,2
DA:29,2
DA:36,2
DA:43,2
DA:50,2
DA:54,2
DA:57,2
DA:60,2
DA:63,2
DA:66,2
DA:67,2
LF:16
LH:16
BRDA:57,0,0,2
BRDA:57,0,1,0
BRDA:57,1,0,2
BRDA:57,1,1,2
BRDA:60,2,0,2
BRDA:60,2,1,0
BRDA:60,3,0,2
BRDA:60,3,1,2
BRF:8
BRH:6
end_of_record
TN:
SF:src\products\products.controller.ts
FN:15,(anonymous_4)
FN:22,(anonymous_5)
FN:36,(anonymous_6)
FN:58,(anonymous_7)
FN:71,(anonymous_8)
FN:84,(anonymous_9)
FN:97,(anonymous_10)
FN:110,(anonymous_11)
FNF:8
FNH:8
FNDA:11,(anonymous_4)
FNDA:1,(anonymous_5)
FNDA:3,(anonymous_6)
FNDA:2,(anonymous_7)
FNDA:1,(anonymous_8)
FNDA:1,(anonymous_9)
FNDA:1,(anonymous_10)
FNDA:1,(anonymous_11)
DA:1,1
DA:2,1
DA:3,1
DA:4,1
DA:5,1
DA:6,1
DA:7,1
DA:8,1
DA:14,1
DA:15,11
DA:22,1
DA:23,1
DA:24,1
DA:36,1
DA:42,3
DA:43,1
DA:44,2
DA:45,1
DA:47,1
DA:50,3
DA:58,1
DA:59,2
DA:60,2
DA:61,1
DA:63,1
DA:71,1
DA:72,1
DA:73,1
DA:84,1
DA:85,1
DA:86,1
DA:97,1
DA:98,1
DA:99,1
DA:110,1
DA:111,1
DA:112,1
LF:37
LH:37
BRDA:42,0,0,1
BRDA:42,0,1,2
BRDA:44,1,0,1
BRDA:44,1,1,1
BRDA:60,2,0,1
BRDA:60,2,1,1
BRDA:22,3,0,1
BRDA:22,3,1,0
BRDA:22,4,0,1
BRDA:22,4,1,1
BRDA:71,5,0,1
BRDA:71,5,1,0
BRDA:71,6,0,1
BRDA:71,6,1,1
BRDA:15,7,0,1
BRDA:15,7,1,0
BRDA:15,8,0,1
BRDA:15,8,1,1
BRF:18
BRH:15
end_of_record
TN:
SF:src\products\products.module.ts
FNF:0
FNH:0
DA:1,0
DA:2,0
DA:3,0
DA:4,0
DA:5,0
DA:15,0
LF:6
LH:0
BRF:0
BRH:0
end_of_record
TN:
SF:src\products\products.service.ts
FN:10,(anonymous_4)
FN:14,(anonymous_5)
FN:24,(anonymous_6)
FN:33,(anonymous_7)
FN:42,(anonymous_8)
FN:50,(anonymous_9)
FN:57,(anonymous_10)
FN:65,(anonymous_11)
FN:78,(anonymous_12)
FN:95,(anonymous_13)
FN:112,(anonymous_14)
FN:120,(anonymous_15)
FNF:12
FNH:10
FNDA:13,(anonymous_4)
FNDA:1,(anonymous_5)
FNDA:1,(anonymous_6)
FNDA:0,(anonymous_7)
FNDA:0,(anonymous_8)
FNDA:2,(anonymous_9)
FNDA:3,(anonymous_10)
FNDA:1,(anonymous_11)
FNDA:2,(anonymous_12)
FNDA:1,(anonymous_13)
FNDA:2,(anonymous_14)
FNDA:1,(anonymous_15)
DA:1,2
DA:2,2
DA:3,2
DA:4,2
DA:9,2
DA:11,13
DA:15,1
DA:16,1
DA:17,1
DA:25,1
DA:34,0
DA:43,0
DA:51,2
DA:58,3
DA:60,3
DA:61,2
DA:64,1
DA:65,1
DA:68,1
DA:69,1
DA:71,1
DA:79,2
DA:81,2
DA:82,1
DA:85,1
DA:86,1
DA:88,1
DA:96,1
DA:98,1
DA:99,0
DA:102,1
DA:103,1
DA:105,1
DA:113,2
DA:114,2
DA:115,1
DA:121,1
LF:37
LH:34
BRDA:60,0,0,2
BRDA:60,0,1,1
BRDA:65,1,0,1
BRDA:65,1,1,1
BRDA:81,2,0,1
BRDA:81,2,1,1
BRDA:98,3,0,0
BRDA:98,3,1,1
BRDA:114,4,0,1
BRDA:114,4,1,1
BRDA:11,5,0,2
BRDA:11,5,1,0
BRDA:11,6,0,2
BRDA:11,6,1,2
BRF:14
BRH:12
end_of_record
TN:
SF:src\products\dto\create-product.dto.ts
FNF:0
FNH:0
DA:1,1
DA:2,1
DA:4,1
DA:8,1
DA:13,1
DA:18,1
DA:27,1
LF:7
LH:7
BRF:0
BRH:0
end_of_record
TN:
SF:src\products\dto\update-product.dto.ts
FNF:0
FNH:0
DA:1,1
DA:2,1
DA:4,1
DA:8,1
DA:13,1
DA:18,1
DA:27,1
DA:32,1
DA:37,1
LF:9
LH:9
BRF:0
BRH:0
end_of_record
TN:
SF:src\products\schemas\products.schema.ts
FNF:0
FNH:0
DA:1,6
DA:2,6
DA:3,6
DA:9,6
DA:12,6
DA:16,6
DA:20,6
DA:27,6
DA:31,6
DA:35,6
DA:38,6
DA:41,6
DA:44,6
DA:47,6
DA:48,6
LF:15
LH:15
BRDA:38,0,0,6
BRDA:38,0,1,0
BRDA:38,1,0,6
BRDA:38,1,1,6
BRDA:41,2,0,6
BRDA:41,2,1,0
BRDA:41,3,0,6
BRDA:41,3,1,6
BRF:8
BRH:6
end_of_record
TN:
SF:src\purchases\purchases.controller.ts
FN:15,(anonymous_4)
FN:22,(anonymous_5)
FN:37,(anonymous_6)
FN:63,(anonymous_7)
FN:76,(anonymous_8)
FN:89,(anonymous_9)
FN:102,(anonymous_10)
FN:115,(anonymous_11)
FNF:8
FNH:8
FNDA:12,(anonymous_4)
FNDA:1,(anonymous_5)
FNDA:4,(anonymous_6)
FNDA:2,(anonymous_7)
FNDA:1,(anonymous_8)
FNDA:1,(anonymous_9)
FNDA:1,(anonymous_10)
FNDA:1,(anonymous_11)
DA:1,1
DA:2,1
DA:3,1
DA:4,1
DA:5,1
DA:6,1
DA:7,1
DA:8,1
DA:14,1
DA:15,12
DA:22,1
DA:23,1
DA:24,1
DA:37,1
DA:43,4
DA:47,4
DA:48,1
DA:49,3
DA:50,1
DA:52,2
DA:55,4
DA:63,1
DA:64,2
DA:65,2
DA:66,1
DA:68,1
DA:76,1
DA:77,1
DA:78,1
DA:89,1
DA:90,1
DA:91,1
DA:102,1
DA:103,1
DA:104,1
DA:115,1
DA:116,1
DA:117,1
LF:38
LH:38
BRDA:43,0,0,1
BRDA:43,0,1,3
BRDA:43,1,0,0
BRDA:43,1,1,3
BRDA:47,2,0,1
BRDA:47,2,1,3
BRDA:49,3,0,1
BRDA:49,3,1,2
BRDA:65,4,0,1
BRDA:65,4,1,1
BRDA:22,5,0,1
BRDA:22,5,1,0
BRDA:22,6,0,1
BRDA:22,6,1,1
BRDA:76,7,0,1
BRDA:76,7,1,0
BRDA:76,8,0,1
BRDA:76,8,1,1
BRDA:15,9,0,1
BRDA:15,9,1,0
BRDA:15,10,0,1
BRDA:15,10,1,1
BRF:22
BRH:18
end_of_record
TN:
SF:src\purchases\purchases.module.ts
FNF:0
FNH:0
DA:1,0
DA:2,0
DA:3,0
DA:4,0
DA:5,0
DA:6,0
DA:19,0
LF:7
LH:0
BRF:0
BRH:0
end_of_record
TN:
SF:src\purchases\purchases.service.ts
FN:11,(anonymous_4)
FN:16,(anonymous_5)
FN:45,(anonymous_6)
FN:70,(anonymous_7)
FN:75,(anonymous_8)
FN:80,(anonymous_9)
FN:84,(anonymous_10)
FN:88,(anonymous_11)
FN:99,(anonymous_12)
FN:121,(anonymous_13)
FN:137,(anonymous_14)
FN:153,(anonymous_15)
FNF:12
FNH:10
FNDA:13,(anonymous_4)
FNDA:3,(anonymous_5)
FNDA:1,(anonymous_6)
FNDA:1,(anonymous_7)
FNDA:0,(anonymous_8)
FNDA:0,(anonymous_9)
FNDA:2,(anonymous_10)
FNDA:3,(anonymous_11)
FNDA:1,(anonymous_12)
FNDA:2,(anonymous_13)
FNDA:1,(anonymous_14)
FNDA:2,(anonymous_15)
DA:1,2
DA:2,2
DA:3,2
DA:4,2
DA:5,2
DA:10,2
DA:12,13
DA:13,13
DA:18,3
DA:19,3
DA:20,2
DA:25,1
DA:30,1
DA:33,1
DA:38,1
DA:50,1
DA:53,1
DA:54,1
DA:58,1
DA:59,0
DA:62,1
DA:71,1
DA:76,0
DA:81,0
DA:85,2
DA:89,3
DA:90,3
DA:91,2
DA:95,1
DA:98,1
DA:99,1
DA:102,1
DA:103,1
DA:106,1
DA:107,1
DA:108,1
DA:114,1
DA:122,2
DA:123,2
DA:124,1
DA:127,1
DA:128,1
DA:130,1
DA:138,1
DA:139,1
DA:140,0
DA:143,1
DA:144,1
DA:146,1
DA:155,2
DA:156,2
DA:157,1
DA:161,1
DA:167,1
LF:54
LH:50
BRDA:19,0,0,2
BRDA:19,0,1,1
BRDA:53,1,0,1
BRDA:53,1,1,0
BRDA:54,2,0,1
BRDA:54,2,1,0
BRDA:58,3,0,0
BRDA:58,3,1,1
BRDA:90,4,0,2
BRDA:90,4,1,1
BRDA:99,5,0,1
BRDA:99,5,1,1
BRDA:106,6,0,1
BRDA:106,6,1,0
BRDA:106,7,0,1
BRDA:106,7,1,1
BRDA:123,8,0,1
BRDA:123,8,1,1
BRDA:139,9,0,0
BRDA:139,9,1,1
BRDA:156,10,0,1
BRDA:156,10,1,1
BRDA:12,11,0,2
BRDA:12,11,1,0
BRDA:12,12,0,2
BRDA:12,12,1,2
BRDA:12,13,0,2
BRDA:12,13,1,0
BRDA:12,14,0,2
BRDA:12,14,1,2
BRF:30
BRH:23
end_of_record
TN:
SF:src\purchases\dto\create-purchase.dto.ts
FNF:0
FNH:0
DA:1,1
DA:2,1
DA:4,1
DA:8,1
DA:14,1
DA:20,1
DA:26,1
DA:34,1
LF:8
LH:8
BRF:0
BRH:0
end_of_record
TN:
SF:src\purchases\dto\update-purchase.dto.ts
FNF:0
FNH:0
DA:1,1
DA:2,1
DA:4,1
DA:11,1
DA:17,1
DA:23,1
DA:31,1
LF:7
LH:7
BRF:0
BRH:0
end_of_record
TN:
SF:src\purchases\schemas\purchase.schema.ts
FNF:0
FNH:0
DA:1,4
DA:2,4
DA:3,4
DA:9,4
DA:11,4
DA:14,4
DA:17,4
DA:24,4
DA:27,4
DA:34,4
DA:37,4
DA:43,4
LF:12
LH:12
BRF:0
BRH:0
end_of_record
TN:
SF:src\roles\roles.controller.ts
FN:14,(anonymous_4)
FN:21,(anonymous_5)
FN:33,(anonymous_6)
FN:43,(anonymous_7)
FN:56,(anonymous_8)
FN:69,(anonymous_9)
FNF:6
FNH:6
FNDA:7,(anonymous_4)
FNDA:1,(anonymous_5)
FNDA:1,(anonymous_6)
FNDA:2,(anonymous_7)
FNDA:1,(anonymous_8)
FNDA:1,(anonymous_9)
DA:1,1
DA:2,1
DA:3,1
DA:4,1
DA:5,1
DA:6,1
DA:7,1
DA:13,1
DA:14,7
DA:21,1
DA:22,1
DA:23,1
DA:33,1
DA:34,1
DA:35,1
DA:43,1
DA:44,2
DA:45,2
DA:46,1
DA:48,1
DA:56,1
DA:57,1
DA:58,1
DA:69,1
DA:70,1
DA:71,1
LF:26
LH:26
BRDA:45,0,0,1
BRDA:45,0,1,1
BRDA:21,1,0,1
BRDA:21,1,1,0
BRDA:21,2,0,1
BRDA:21,2,1,1
BRDA:56,3,0,1
BRDA:56,3,1,0
BRDA:56,4,0,1
BRDA:56,4,1,1
BRDA:14,5,0,1
BRDA:14,5,1,0
BRDA:14,6,0,1
BRDA:14,6,1,1
BRF:14
BRH:11
end_of_record
TN:
SF:src\roles\roles.module.ts
FN:12,(anonymous_1)
FN:13,(anonymous_2)
FNF:2
FNH:0
FNDA:0,(anonymous_1)
FNDA:0,(anonymous_2)
DA:1,0
DA:2,0
DA:3,0
DA:4,0
DA:5,0
DA:6,0
DA:7,0
DA:12,0
DA:13,0
DA:19,0
LF:10
LH:0
BRF:0
BRH:0
end_of_record
TN:
SF:src\roles\roles.service.ts
FN:10,(anonymous_4)
FN:15,(anonymous_5)
FN:26,(anonymous_6)
FN:27,(anonymous_7)
FN:43,(anonymous_8)
FN:47,(anonymous_9)
FN:51,(anonymous_10)
FN:55,(anonymous_11)
FN:59,(anonymous_12)
FN:73,(anonymous_13)
FN:74,(anonymous_14)
FN:85,(anonymous_15)
FN:101,(anonymous_16)
FNF:13
FNH:11
FNDA:12,(anonymous_4)
FNDA:5,(anonymous_5)
FNDA:2,(anonymous_6)
FNDA:4,(anonymous_7)
FNDA:1,(anonymous_8)
FNDA:2,(anonymous_9)
FNDA:1,(anonymous_10)
FNDA:0,(anonymous_11)
FNDA:2,(anonymous_12)
FNDA:1,(anonymous_13)
FNDA:1,(anonymous_14)
FNDA:2,(anonymous_15)
FNDA:0,(anonymous_16)
DA:1,11
DA:2,11
DA:3,11
DA:4,11
DA:6,11
DA:9,11
DA:11,12
DA:12,12
DA:16,5
DA:18,5
DA:19,5
DA:20,2
DA:24,3
DA:25,3
DA:26,3
DA:27,4
DA:29,3
DA:30,2
DA:34,1
DA:40,1
DA:44,1
DA:48,2
DA:52,1
DA:56,0
DA:60,2
DA:62,2
DA:63,1
DA:66,1
DA:67,0
DA:71,1
DA:72,1
DA:73,1
DA:74,1
DA:76,1
DA:77,0
DA:81,1
DA:82,1
DA:86,2
DA:88,2
DA:89,1
DA:92,1
DA:93,0
DA:96,1
DA:97,1
DA:102,0
DA:140,0
DA:141,0
DA:142,0
DA:143,0
LF:49
LH:40
BRDA:16,0,0,0
BRDA:19,1,0,2
BRDA:19,1,1,3
BRDA:24,2,0,3
BRDA:24,2,1,0
BRDA:29,3,0,2
BRDA:29,3,1,1
BRDA:62,4,0,1
BRDA:62,4,1,1
BRDA:66,5,0,0
BRDA:66,5,1,1
BRDA:71,6,0,1
BRDA:71,6,1,0
BRDA:76,7,0,0
BRDA:76,7,1,1
BRDA:88,8,0,1
BRDA:88,8,1,1
BRDA:92,9,0,0
BRDA:92,9,1,1
BRDA:142,10,0,0
BRDA:142,10,1,0
BRDA:11,11,0,11
BRDA:11,11,1,0
BRDA:11,12,0,11
BRDA:11,12,1,11
BRDA:11,13,0,11
BRDA:11,13,1,0
BRDA:11,14,0,11
BRDA:11,14,1,11
BRF:29
BRH:19
end_of_record
TN:
SF:src\roles\dto\create-role.dto.ts
FNF:0
FNH:0
DA:1,1
DA:2,1
DA:4,1
DA:9,1
DA:14,1
DA:23,1
DA:26,1
DA:30,1
DA:39,1
LF:9
LH:9
BRF:0
BRH:0
end_of_record
TN:
SF:src\roles\schemas\role.schema.ts
FNF:0
FNH:0
DA:1,11
DA:3,11
DA:8,11
DA:11,11
DA:15,11
DA:22,11
DA:26,11
DA:30,11
DA:34,11
DA:37,11
LF:10
LH:10
BRF:0
BRH:0
end_of_record
TN:
SF:src\sales\sales.controller.ts
FN:16,(anonymous_4)
FN:24,(anonymous_5)
FN:38,(anonymous_6)
FN:60,(anonymous_7)
FN:73,(anonymous_8)
FN:86,(anonymous_9)
FN:99,(anonymous_10)
FN:112,(anonymous_11)
FNF:8
FNH:8
FNDA:11,(anonymous_4)
FNDA:1,(anonymous_5)
FNDA:3,(anonymous_6)
FNDA:2,(anonymous_7)
FNDA:1,(anonymous_8)
FNDA:1,(anonymous_9)
FNDA:1,(anonymous_10)
FNDA:1,(anonymous_11)
DA:1,1
DA:2,1
DA:3,1
DA:4,1
DA:5,1
DA:6,1
DA:7,1
DA:8,1
DA:9,1
DA:15,1
DA:16,11
DA:24,1
DA:25,1
DA:26,1
DA:38,1
DA:44,3
DA:45,1
DA:46,2
DA:47,1
DA:49,1
DA:52,3
DA:60,1
DA:61,2
DA:62,2
DA:63,1
DA:65,1
DA:73,1
DA:74,1
DA:75,1
DA:86,1
DA:87,1
DA:88,1
DA:99,1
DA:100,1
DA:101,1
DA:112,1
DA:113,1
DA:114,1
LF:38
LH:38
BRDA:44,0,0,1
BRDA:44,0,1,2
BRDA:46,1,0,1
BRDA:46,1,1,1
BRDA:62,2,0,1
BRDA:62,2,1,1
BRDA:24,3,0,1
BRDA:24,3,1,0
BRDA:24,4,0,1
BRDA:24,4,1,1
BRDA:73,5,0,1
BRDA:73,5,1,0
BRDA:73,6,0,1
BRDA:73,6,1,1
BRDA:16,7,0,1
BRDA:16,7,1,0
BRDA:16,8,0,1
BRDA:16,8,1,1
BRF:18
BRH:15
end_of_record
TN:
SF:src\sales\sales.module.ts
FNF:0
FNH:0
DA:1,0
DA:2,0
DA:3,0
DA:4,0
DA:5,0
DA:6,0
DA:7,0
DA:8,0
DA:9,0
DA:24,0
LF:10
LH:0
BRF:0
BRH:0
end_of_record
TN:
SF:src\sales\sales.service.ts
FN:13,(anonymous_4)
FN:24,(anonymous_5)
FN:48,(anonymous_6)
FN:99,(anonymous_7)
FN:131,(anonymous_8)
FN:152,(anonymous_9)
FN:162,(anonymous_10)
FN:172,(anonymous_11)
FN:181,(anonymous_12)
FN:189,(anonymous_13)
FN:197,(anonymous_14)
FN:202,(anonymous_15)
FN:219,(anonymous_16)
FN:236,(anonymous_17)
FN:253,(anonymous_18)
FNF:15
FNH:12
FNDA:15,(anonymous_4)
FNDA:3,(anonymous_5)
FNDA:3,(anonymous_6)
FNDA:6,(anonymous_7)
FNDA:1,(anonymous_8)
FNDA:1,(anonymous_9)
FNDA:0,(anonymous_10)
FNDA:0,(anonymous_11)
FNDA:2,(anonymous_12)
FNDA:3,(anonymous_13)
FNDA:1,(anonymous_14)
FNDA:0,(anonymous_15)
FNDA:2,(anonymous_16)
FNDA:1,(anonymous_17)
FNDA:2,(anonymous_18)
DA:1,2
DA:2,2
DA:3,2
DA:4,2
DA:5,2
DA:6,2
DA:7,2
DA:12,2
DA:14,15
DA:15,15
DA:16,15
DA:17,15
DA:31,3
DA:40,3
DA:41,0
DA:47,3
DA:48,3
DA:52,3
DA:53,2
DA:58,1
DA:59,1
DA:60,1
DA:63,1
DA:64,1
DA:66,1
DA:69,1
DA:70,1
DA:73,1
DA:74,1
DA:75,1
DA:78,1
DA:87,1
DA:91,1
DA:96,1
DA:101,6
DA:102,6
DA:103,2
DA:107,4
DA:108,4
DA:110,4
DA:111,4
DA:114,4
DA:115,4
DA:116,1
DA:122,3
DA:129,1
DA:130,1
DA:131,1
DA:137,1
DA:142,1
DA:144,1
DA:153,1
DA:163,0
DA:173,0
DA:182,2
DA:190,3
DA:191,3
DA:192,2
DA:196,1
DA:197,1
DA:201,1
DA:202,0
DA:208,1
DA:209,1
DA:211,1
DA:220,2
DA:221,2
DA:222,1
DA:225,1
DA:226,1
DA:228,1
DA:237,1
DA:238,1
DA:239,0
DA:242,1
DA:243,1
DA:245,1
DA:254,2
DA:255,2
DA:256,1
DA:259,1
LF:81
LH:76
BRDA:40,0,0,0
BRDA:40,0,1,3
BRDA:52,1,0,2
BRDA:52,1,1,1
BRDA:64,2,0,0
BRDA:64,2,1,1
BRDA:102,3,0,2
BRDA:102,3,1,4
BRDA:115,4,0,1
BRDA:115,4,1,3
BRDA:191,5,0,2
BRDA:191,5,1,1
BRDA:197,6,0,1
BRDA:197,6,1,1
BRDA:201,7,0,0
BRDA:201,7,1,1
BRDA:204,8,0,0
BRDA:204,8,1,0
BRDA:221,9,0,1
BRDA:221,9,1,1
BRDA:238,10,0,0
BRDA:238,10,1,1
BRDA:255,11,0,1
BRDA:255,11,1,1
BRDA:14,12,0,2
BRDA:14,12,1,0
BRDA:14,13,0,2
BRDA:14,13,1,2
BRDA:14,14,0,2
BRDA:14,14,1,0
BRDA:14,15,0,2
BRDA:14,15,1,2
BRDA:15,16,0,2
BRDA:15,16,1,0
BRDA:15,17,0,2
BRDA:15,17,1,2
BRDA:16,18,0,2
BRDA:16,18,1,0
BRDA:16,19,0,2
BRDA:16,19,1,2
BRF:40
BRH:30
end_of_record
TN:
SF:src\sales\dto\create-sale.dto.ts
FN:53,(anonymous_2)
FNF:1
FNH:0
FNDA:0,(anonymous_2)
DA:1,1
DA:2,1
DA:3,1
DA:9,1
DA:15,1
DA:21,1
DA:27,1
DA:32,1
DA:36,1
DA:53,0
DA:54,1
DA:60,1
LF:12
LH:11
BRF:0
BRH:0
end_of_record
TN:
SF:src\sales\dto\update-sale.dto.ts
FN:52,(anonymous_2)
FNF:1
FNH:0
FNDA:0,(anonymous_2)
DA:1,1
DA:2,1
DA:3,1
DA:9,1
DA:15,1
DA:21,1
DA:27,1
DA:33,1
DA:39,1
DA:42,1
DA:52,0
DA:53,1
DA:59,1
LF:13
LH:12
BRF:0
BRH:0
end_of_record
TN:
SF:src\sales\guards\stock-validation.guard.ts
FN:14,(anonymous_4)
FN:18,(anonymous_5)
FNF:2
FNH:0
FNDA:0,(anonymous_4)
FNDA:0,(anonymous_5)
DA:1,1
DA:7,1
DA:8,1
DA:9,1
DA:13,1
DA:15,0
DA:19,0
DA:20,0
DA:23,0
DA:24,0
DA:27,0
DA:28,0
DA:32,0
DA:34,0
DA:35,0
DA:36,0
DA:39,0
DA:41,0
DA:42,0
DA:45,0
DA:48,0
DA:49,0
DA:55,0
DA:56,0
DA:62,0
LF:25
LH:5
BRDA:23,0,0,0
BRDA:23,0,1,0
BRDA:27,1,0,0
BRDA:27,1,1,0
BRDA:27,2,0,0
BRDA:27,2,1,0
BRDA:35,3,0,0
BRDA:35,3,1,0
BRDA:35,4,0,0
BRDA:35,4,1,0
BRDA:41,5,0,0
BRDA:41,5,1,0
BRDA:48,6,0,0
BRDA:48,6,1,0
BRDA:55,7,0,0
BRDA:55,7,1,0
BRDA:15,8,0,1
BRDA:15,8,1,0
BRDA:15,9,0,1
BRDA:15,9,1,1
BRF:20
BRH:3
end_of_record
TN:
SF:src\sales\schemas\sales.schema.ts
FNF:0
FNH:0
DA:1,2
DA:2,2
DA:3,2
DA:9,2
DA:12,2
DA:16,2
DA:20,2
DA:24,2
DA:28,2
DA:32,2
DA:35,2
DA:38,2
DA:41,2
DA:58,2
DA:62,2
DA:66,2
DA:69,2
DA:72,2
DA:75,2
DA:78,2
DA:79,2
DA:80,2
DA:81,2
LF:23
LH:23
BRDA:12,0,0,2
BRDA:12,0,1,0
BRDA:12,1,0,2
BRDA:12,1,1,2
BRDA:41,2,0,2
BRDA:41,2,1,0
BRDA:41,3,0,2
BRDA:41,3,1,2
BRDA:69,4,0,2
BRDA:69,4,1,0
BRDA:69,5,0,2
BRDA:69,5,1,2
BRDA:72,6,0,2
BRDA:72,6,1,0
BRDA:72,7,0,2
BRDA:72,7,1,2
BRF:16
BRH:12
end_of_record
TN:
SF:src\setup\setup.controller.ts
FN:12,(anonymous_4)
FN:17,(anonymous_5)
FN:26,(anonymous_6)
FN:36,(anonymous_7)
FN:46,(anonymous_8)
FNF:5
FNH:0
FNDA:0,(anonymous_4)
FNDA:0,(anonymous_5)
FNDA:0,(anonymous_6)
FNDA:0,(anonymous_7)
FNDA:0,(anonymous_8)
DA:1,0
DA:2,0
DA:3,0
DA:4,0
DA:5,0
DA:6,0
DA:7,0
DA:11,0
DA:12,0
DA:17,0
DA:18,0
DA:19,0
DA:26,0
DA:27,0
DA:36,0
DA:37,0
DA:46,0
DA:47,0
LF:18
LH:0
BRDA:26,0,0,0
BRDA:26,0,1,0
BRDA:26,1,0,0
BRDA:26,1,1,0
BRDA:12,2,0,0
BRDA:12,2,1,0
BRDA:12,3,0,0
BRDA:12,3,1,0
BRF:8
BRH:0
end_of_record
TN:
SF:src\setup\setup.module.ts
FN:10,(anonymous_1)
FN:11,(anonymous_2)
FN:12,(anonymous_3)
FNF:3
FNH:0
FNDA:0,(anonymous_1)
FNDA:0,(anonymous_2)
FNDA:0,(anonymous_3)
DA:1,0
DA:2,0
DA:3,0
DA:4,0
DA:5,0
DA:6,0
DA:10,0
DA:11,0
DA:12,0
DA:18,0
LF:10
LH:0
BRF:0
BRH:0
end_of_record
TN:
SF:src\setup\setup.service.ts
FN:9,(anonymous_2)
FN:15,(anonymous_3)
FN:25,(anonymous_4)
FN:40,(anonymous_5)
FN:46,(anonymous_6)
FN:101,(anonymous_7)
FN:108,(anonymous_8)
FN:112,(anonymous_9)
FN:119,(anonymous_10)
FNF:9
FNH:0
FNDA:0,(anonymous_2)
FNDA:0,(anonymous_3)
FNDA:0,(anonymous_4)
FNDA:0,(anonymous_5)
FNDA:0,(anonymous_6)
FNDA:0,(anonymous_7)
FNDA:0,(anonymous_8)
FNDA:0,(anonymous_9)
FNDA:0,(anonymous_10)
DA:1,0
DA:2,0
DA:3,0
DA:4,0
DA:8,0
DA:10,0
DA:11,0
DA:12,0
DA:16,0
DA:17,0
DA:18,0
DA:21,0
DA:22,0
DA:23,0
DA:24,0
DA:25,0
DA:29,0
DA:42,0
DA:43,0
DA:44,0
DA:45,0
DA:46,0
DA:49,0
DA:50,0
DA:57,0
DA:58,0
DA:61,0
DA:62,0
DA:65,0
DA:66,0
DA:67,0
DA:71,0
DA:72,0
DA:78,0
DA:82,0
DA:84,0
DA:102,0
DA:103,0
DA:105,0
DA:108,0
DA:113,0
DA:114,0
DA:116,0
DA:119,0
LF:44
LH:0
BRDA:22,0,0,0
BRDA:22,0,1,0
BRDA:25,1,0,0
BRDA:25,1,1,0
BRDA:30,2,0,0
BRDA:30,2,1,0
BRDA:30,2,2,0
BRDA:34,3,0,0
BRDA:34,3,1,0
BRDA:43,4,0,0
BRDA:43,4,1,0
BRDA:46,5,0,0
BRDA:46,5,1,0
BRDA:49,6,0,0
BRDA:49,6,1,0
BRDA:66,7,0,0
BRDA:66,7,1,0
BRDA:10,8,0,0
BRDA:10,8,1,0
BRDA:10,9,0,0
BRDA:10,9,1,0
BRDA:10,10,0,0
BRDA:10,10,1,0
BRDA:10,11,0,0
BRDA:10,11,1,0
BRDA:11,12,0,0
BRDA:11,12,1,0
BRDA:11,13,0,0
BRDA:11,13,1,0
BRF:29
BRH:0
end_of_record
TN:
SF:src\setup\dto\init-setup.dto.ts
FNF:0
FNH:0
DA:1,0
DA:2,0
DA:4,0
DA:11,0
DA:20,0
LF:5
LH:0
BRF:0
BRH:0
end_of_record
TN:
SF:src\templates\templates.controller.ts
FN:8,(anonymous_4)
FN:37,(anonymous_5)
FNF:2
FNH:0
FNDA:0,(anonymous_4)
FNDA:0,(anonymous_5)
DA:1,0
DA:2,0
DA:3,0
DA:7,0
DA:8,0
DA:37,0
DA:38,0
DA:40,0
LF:8
LH:0
BRDA:8,0,0,0
BRDA:8,0,1,0
BRDA:8,1,0,0
BRDA:8,1,1,0
BRF:4
BRH:0
end_of_record
TN:
SF:src\templates\templates.module.ts
FNF:0
FNH:0
DA:1,0
DA:2,0
DA:3,0
DA:4,0
DA:5,0
DA:15,0
LF:6
LH:0
BRF:0
BRH:0
end_of_record
TN:
SF:src\templates\templates.service.ts
FN:8,(anonymous_4)
FN:12,(anonymous_5)
FNF:2
FNH:0
FNDA:0,(anonymous_4)
FNDA:0,(anonymous_5)
DA:1,0
DA:2,0
DA:3,0
DA:4,0
DA:7,0
DA:9,0
DA:13,0
DA:15,0
DA:16,0
DA:19,0
LF:10
LH:0
BRDA:15,0,0,0
BRDA:15,0,1,0
BRDA:9,1,0,0
BRDA:9,1,1,0
BRDA:9,2,0,0
BRDA:9,2,1,0
BRF:6
BRH:0
end_of_record
TN:
SF:src\templates\schemas\template.schema.ts
FNF:0
FNH:0
DA:1,0
DA:3,0
DA:8,0
DA:14,0
DA:30,0
DA:33,0
DA:36,0
DA:39,0
DA:42,0
LF:9
LH:0
BRDA:30,0,0,0
BRDA:30,0,1,0
BRDA:30,1,0,0
BRDA:30,1,1,0
BRDA:33,2,0,0
BRDA:33,2,1,0
BRDA:33,3,0,0
BRDA:33,3,1,0
BRDA:36,4,0,0
BRDA:36,4,1,0
BRDA:36,5,0,0
BRDA:36,5,1,0
BRF:12
BRH:0
end_of_record
TN:
SF:src\users\users.controller.ts
FN:18,(anonymous_4)
FN:29,(anonymous_5)
FN:91,(anonymous_6)
FN:100,(anonymous_7)
FN:128,(anonymous_8)
FN:138,(anonymous_9)
FN:188,(anonymous_10)
FN:229,(anonymous_11)
FN:322,(anonymous_12)
FN:350,(anonymous_13)
FNF:10
FNH:10
FNDA:11,(anonymous_4)
FNDA:1,(anonymous_5)
FNDA:1,(anonymous_6)
FNDA:2,(anonymous_7)
FNDA:1,(anonymous_8)
FNDA:1,(anonymous_9)
FNDA:1,(anonymous_10)
FNDA:1,(anonymous_11)
FNDA:1,(anonymous_12)
FNDA:1,(anonymous_13)
DA:1,1
DA:2,1
DA:3,1
DA:4,1
DA:5,1
DA:6,1
DA:7,1
DA:8,1
DA:9,1
DA:10,1
DA:11,1
DA:17,1
DA:19,11
DA:20,11
DA:29,1
DA:34,1
DA:45,1
DA:46,0
DA:53,1
DA:54,1
DA:56,1
DA:69,1
DA:70,1
DA:72,1
DA:91,1
DA:92,1
DA:93,1
DA:100,1
DA:101,2
DA:102,2
DA:103,1
DA:106,1
DA:107,1
DA:109,1
DA:128,1
DA:129,1
DA:130,1
DA:138,1
DA:143,1
DA:144,1
DA:145,0
DA:148,1
DA:151,1
DA:154,1
DA:155,0
DA:156,0
DA:167,1
DA:168,1
DA:170,1
DA:188,1
DA:193,1
DA:194,1
DA:195,0
DA:198,1
DA:199,1
DA:200,1
DA:203,1
DA:212,1
DA:214,1
DA:229,1
DA:234,1
DA:235,1
DA:236,0
DA:240,1
DA:241,1
DA:243,1
DA:244,1
DA:256,1
DA:257,0
DA:259,0
DA:260,0
DA:272,1
DA:273,0
DA:275,0
DA:276,0
DA:288,1
DA:289,0
DA:291,0
DA:292,0
DA:303,1
DA:304,1
DA:306,1
DA:322,1
DA:326,1
DA:327,1
DA:328,0
DA:331,1
DA:334,1
DA:343,1
DA:350,1
DA:354,1
DA:355,1
DA:356,0
DA:359,1
DA:362,1
DA:371,1
LF:96
LH:79
BRDA:45,0,0,0
BRDA:45,0,1,1
BRDA:54,1,0,1
BRDA:54,1,1,0
BRDA:62,2,0,1
BRDA:62,2,1,1
BRDA:102,3,0,1
BRDA:102,3,1,1
BRDA:107,4,0,1
BRDA:107,4,1,0
BRDA:111,5,0,1
BRDA:111,5,1,0
BRDA:113,6,0,1
BRDA:113,6,1,0
BRDA:114,7,0,1
BRDA:114,7,1,0
BRDA:116,8,0,1
BRDA:116,8,1,0
BRDA:117,9,0,1
BRDA:117,9,1,0
BRDA:144,10,0,0
BRDA:144,10,1,1
BRDA:148,11,0,1
BRDA:148,11,1,0
BRDA:154,12,0,0
BRDA:154,12,1,1
BRDA:194,13,0,0
BRDA:194,13,1,1
BRDA:198,14,0,1
BRDA:198,14,1,0
BRDA:235,15,0,0
BRDA:235,15,1,1
BRDA:240,16,0,1
BRDA:240,16,1,0
BRDA:256,17,0,0
BRDA:256,17,1,1
BRDA:272,18,0,0
BRDA:272,18,1,1
BRDA:288,19,0,0
BRDA:288,19,1,1
BRDA:327,20,0,0
BRDA:327,20,1,1
BRDA:355,21,0,0
BRDA:355,21,1,1
BRDA:30,22,0,1
BRDA:30,22,1,0
BRDA:30,23,0,1
BRDA:30,23,1,1
BRDA:140,24,0,1
BRDA:140,24,1,0
BRDA:140,25,0,1
BRDA:140,25,1,1
BRDA:190,26,0,1
BRDA:190,26,1,0
BRDA:190,27,0,1
BRDA:190,27,1,1
BRDA:231,28,0,1
BRDA:231,28,1,0
BRDA:231,29,0,1
BRDA:231,29,1,1
BRDA:19,30,0,1
BRDA:19,30,1,0
BRDA:19,31,0,1
BRDA:19,31,1,1
BRDA:19,32,0,1
BRDA:19,32,1,0
BRDA:19,33,0,1
BRDA:19,33,1,1
BRF:68
BRH:42
end_of_record
TN:
SF:src\users\users.module.ts
FN:13,(anonymous_1)
FN:14,(anonymous_2)
FN:15,(anonymous_3)
FNF:3
FNH:0
FNDA:0,(anonymous_1)
FNDA:0,(anonymous_2)
FNDA:0,(anonymous_3)
DA:1,0
DA:2,0
DA:3,0
DA:4,0
DA:5,0
DA:6,0
DA:7,0
DA:8,0
DA:13,0
DA:14,0
DA:15,0
DA:21,0
LF:12
LH:0
BRF:0
BRH:0
end_of_record
TN:
SF:src\users\users.service.ts
FN:13,(anonymous_13)
FN:19,(anonymous_14)
FN:61,(anonymous_15)
FN:68,(anonymous_16)
FN:74,(anonymous_17)
FN:80,(anonymous_18)
FN:86,(anonymous_19)
FN:91,(anonymous_20)
FN:100,(anonymous_21)
FN:111,(anonymous_22)
FN:118,(anonymous_23)
FN:124,(anonymous_24)
FN:140,(anonymous_25)
FN:148,(anonymous_26)
FN:149,(anonymous_27)
FN:161,(anonymous_28)
FN:167,(anonymous_29)
FN:172,(anonymous_30)
FN:183,(anonymous_31)
FN:189,(anonymous_32)
FN:194,(anonymous_33)
FN:205,(anonymous_34)
FN:216,(anonymous_35)
FNF:23
FNH:11
FNDA:14,(anonymous_13)
FNDA:3,(anonymous_14)
FNDA:0,(anonymous_15)
FNDA:2,(anonymous_16)
FNDA:3,(anonymous_17)
FNDA:0,(anonymous_18)
FNDA:2,(anonymous_19)
FNDA:2,(anonymous_20)
FNDA:2,(anonymous_21)
FNDA:2,(anonymous_22)
FNDA:0,(anonymous_23)
FNDA:0,(anonymous_24)
FNDA:0,(anonymous_25)
FNDA:0,(anonymous_26)
FNDA:0,(anonymous_27)
FNDA:0,(anonymous_28)
FNDA:0,(anonymous_29)
FNDA:0,(anonymous_30)
FNDA:0,(anonymous_31)
FNDA:0,(anonymous_32)
FNDA:1,(anonymous_33)
FNDA:1,(anonymous_34)
FNDA:2,(anonymous_35)
DA:1,10
DA:2,10
DA:3,10
DA:4,10
DA:5,10
DA:8,10
DA:9,10
DA:12,10
DA:14,14
DA:15,14
DA:16,14
DA:20,3
DA:23,3
DA:24,3
DA:25,2
DA:29,1
DA:30,1
DA:34,1
DA:35,0
DA:36,0
DA:37,0
DA:39,0
DA:41,1
DA:42,1
DA:43,1
DA:48,1
DA:58,1
DA:62,0
DA:69,2
DA:75,3
DA:81,0
DA:87,2
DA:92,2
DA:93,2
DA:95,2
DA:98,2
DA:99,1
DA:100,2
DA:104,1
DA:107,1
DA:110,1
DA:111,2
DA:114,1
DA:119,0
DA:120,0
DA:125,0
DA:126,0
DA:127,0
DA:130,0
DA:131,0
DA:132,0
DA:135,0
DA:136,0
DA:141,0
DA:142,0
DA:143,0
DA:147,0
DA:148,0
DA:149,0
DA:151,0
DA:152,0
DA:156,0
DA:157,0
DA:162,0
DA:163,0
DA:164,0
DA:167,0
DA:168,0
DA:173,0
DA:174,0
DA:175,0
DA:178,0
DA:179,0
DA:184,0
DA:185,0
DA:186,0
DA:189,0
DA:190,0
DA:195,1
DA:196,1
DA:197,0
DA:200,1
DA:201,1
DA:206,1
DA:207,1
DA:208,0
DA:211,1
DA:212,1
DA:217,2
DA:218,2
DA:219,1
DA:223,1
DA:224,1
DA:226,1
DA:227,0
DA:231,1
DA:232,0
DA:233,0
DA:234,0
DA:236,0
DA:240,1
DA:241,0
DA:242,0
DA:245,1
LF:104
LH:54
BRDA:24,0,0,2
BRDA:24,0,1,1
BRDA:34,1,0,0
BRDA:34,1,1,1
BRDA:36,2,0,0
BRDA:36,2,1,0
BRDA:42,3,0,1
BRDA:42,3,1,0
BRDA:93,4,0,0
BRDA:93,4,1,2
BRDA:98,5,0,1
BRDA:98,5,1,1
BRDA:98,6,0,2
BRDA:98,6,1,1
BRDA:104,7,0,1
BRDA:104,7,1,0
BRDA:126,8,0,0
BRDA:126,8,1,0
BRDA:131,9,0,0
BRDA:131,9,1,0
BRDA:142,10,0,0
BRDA:142,10,1,0
BRDA:151,11,0,0
BRDA:151,11,1,0
BRDA:163,12,0,0
BRDA:163,12,1,0
BRDA:174,13,0,0
BRDA:174,13,1,0
BRDA:185,14,0,0
BRDA:185,14,1,0
BRDA:196,15,0,0
BRDA:196,15,1,1
BRDA:207,16,0,0
BRDA:207,16,1,1
BRDA:218,17,0,1
BRDA:218,17,1,1
BRDA:223,18,0,1
BRDA:223,18,1,0
BRDA:226,19,0,0
BRDA:226,19,1,1
BRDA:231,20,0,0
BRDA:231,20,1,1
BRDA:233,21,0,0
BRDA:233,21,1,0
BRDA:240,22,0,0
BRDA:240,22,1,1
BRDA:14,23,0,10
BRDA:14,23,1,0
BRDA:14,24,0,10
BRDA:14,24,1,10
BRDA:14,25,0,10
BRDA:14,25,1,0
BRDA:14,26,0,10
BRDA:14,26,1,10
BRDA:15,27,0,10
BRDA:15,27,1,0
BRDA:15,28,0,10
BRDA:15,28,1,10
BRF:58
BRH:27
end_of_record
TN:
SF:src\users\dto\admin-create-user.dto.ts
FNF:0
FNH:0
DA:1,1
DA:2,1
DA:4,1
DA:11,1
DA:19,1
DA:27,1
DA:37,1
DA:45,1
DA:54,1
DA:62,1
LF:10
LH:10
BRF:0
BRH:0
end_of_record
TN:
SF:src\users\dto\create-user.dto.ts
FNF:0
FNH:0
DA:1,0
DA:2,0
DA:4,0
DA:11,0
DA:19,0
DA:27,0
DA:37,0
LF:7
LH:0
BRF:0
BRH:0
end_of_record
TN:
SF:src\users\dto\update-user-permissions.dto.ts
FNF:0
FNH:0
DA:1,1
DA:2,1
DA:4,1
DA:12,1
DA:21,1
DA:30,1
DA:39,1
DA:47,1
DA:50,1
DA:56,1
DA:64,1
LF:11
LH:11
BRF:0
BRH:0
end_of_record
TN:
SF:src\users\dto\update-user.dto.ts
FNF:0
FNH:0
DA:1,1
DA:2,1
DA:4,1
DA:11,1
DA:19,1
DA:27,1
DA:37,1
LF:7
LH:7
BRF:0
BRH:0
end_of_record
TN:
SF:src\users\schemas\user.schema.ts
FN:50,(anonymous_2)
FN:52,(anonymous_3)
FNF:2
FNH:0
FNDA:0,(anonymous_2)
FNDA:0,(anonymous_3)
DA:1,11
DA:2,11
DA:3,11
DA:8,11
DA:11,11
DA:15,11
DA:19,11
DA:22,11
DA:26,11
DA:33,11
DA:40,11
DA:44,11
DA:47,11
DA:50,11
DA:51,0
DA:53,0
DA:57,11
DA:58,11
DA:61,11
LF:19
LH:17
BRDA:26,0,0,11
BRDA:26,0,1,0
BRDA:26,1,0,11
BRDA:26,1,1,11
BRF:4
BRH:3
end_of_record
